<?xml version="1.0" encoding="UTF-8"?>
<testsuite xmlns:xsi="http://www.w3.org/2001/XMLSchema-instance" xsi:noNamespaceSchemaLocation="https://maven.apache.org/surefire/maven-surefire-plugin/xsd/surefire-test-report.xsd" name="com.xiumei.AppTest" time="0.027" tests="1" errors="0" skipped="0" failures="0">
  <properties>
    <property name="sun.desktop" value="windows"/>
    <property name="awt.toolkit" value="sun.awt.windows.WToolkit"/>
    <property name="file.encoding.pkg" value="sun.io"/>
    <property name="java.specification.version" value="1.8"/>
    <property name="sun.cpu.isalist" value="amd64"/>
    <property name="sun.jnu.encoding" value="GBK"/>
    <property name="java.class.path" value="D:\zhouyue\Data\Workspace\own\doc\SeriesBasicCapability\projects\ObjectSize\target\test-classes;D:\zhouyue\Data\Workspace\own\doc\SeriesBasicCapability\projects\ObjectSize\target\classes;D:\zhouyue\data\Maven\repo\junit\junit\4.11\junit-4.11.jar;D:\zhouyue\data\Maven\repo\org\hamcrest\hamcrest-core\1.3\hamcrest-core-1.3.jar;"/>
    <property name="java.vm.vendor" value="Oracle Corporation"/>
    <property name="sun.arch.data.model" value="64"/>
    <property name="user.variant" value=""/>
    <property name="java.vendor.url" value="http://java.oracle.com/"/>
    <property name="user.timezone" value="Asia/Shanghai"/>
    <property name="java.vm.specification.version" value="1.8"/>
    <property name="os.name" value="Windows 10"/>
    <property name="user.country" value="CN"/>
    <property name="sun.java.launcher" value="SUN_STANDARD"/>
    <property name="sun.boot.library.path" value="D:\software\program\Java\JDK\jdk1.8.0_131\jre\bin"/>
    <property name="sun.java.command" value="C:\Users\yue_zhou\AppData\Local\Temp\surefire3529463351788279131\surefirebooter7884774981433435499.jar C:\Users\yue_zhou\AppData\Local\Temp\surefire3529463351788279131 2020-06-07T08-10-20_878-jvmRun1 surefire2810581948743933549tmp surefire_0177128196888282004tmp"/>
    <property name="surefire.test.class.path" value="D:\zhouyue\Data\Workspace\own\doc\SeriesBasicCapability\projects\ObjectSize\target\test-classes;D:\zhouyue\Data\Workspace\own\doc\SeriesBasicCapability\projects\ObjectSize\target\classes;D:\zhouyue\data\Maven\repo\junit\junit\4.11\junit-4.11.jar;D:\zhouyue\data\Maven\repo\org\hamcrest\hamcrest-core\1.3\hamcrest-core-1.3.jar;"/>
    <property name="sun.cpu.endian" value="little"/>
    <property name="user.home" value="C:\Users\yue_zhou"/>
    <property name="user.language" value="zh"/>
    <property name="java.specification.vendor" value="Oracle Corporation"/>
    <property name="java.home" value="D:\software\program\Java\JDK\jdk1.8.0_131\jre"/>
    <property name="basedir" value="D:\zhouyue\Data\Workspace\own\doc\SeriesBasicCapability\projects\ObjectSize"/>
    <property name="file.separator" value="\"/>
    <property name="line.separator" value="&#10;"/>
    <property name="java.vm.specification.vendor" value="Oracle Corporation"/>
    <property name="java.specification.name" value="Java Platform API Specification"/>
    <property name="java.awt.graphicsenv" value="sun.awt.Win32GraphicsEnvironment"/>
    <property name="surefire.real.class.path" value="C:\Users\yue_zhou\AppData\Local\Temp\surefire3529463351788279131\surefirebooter7884774981433435499.jar"/>
    <property name="sun.boot.class.path" value="D:\software\program\Java\JDK\jdk1.8.0_131\jre\lib\resources.jar;D:\software\program\Java\JDK\jdk1.8.0_131\jre\lib\rt.jar;D:\software\program\Java\JDK\jdk1.8.0_131\jre\lib\sunrsasign.jar;D:\software\program\Java\JDK\jdk1.8.0_131\jre\lib\jsse.jar;D:\software\program\Java\JDK\jdk1.8.0_131\jre\lib\jce.jar;D:\software\program\Java\JDK\jdk1.8.0_131\jre\lib\charsets.jar;D:\software\program\Java\JDK\jdk1.8.0_131\jre\lib\jfr.jar;D:\software\program\Java\JDK\jdk1.8.0_131\jre\classes"/>
    <property name="user.script" value=""/>
    <property name="sun.management.compiler" value="HotSpot 64-Bit Tiered Compilers"/>
    <property name="java.runtime.version" value="1.8.0_131-b11"/>
    <property name="user.name" value="yue_zhou"/>
    <property name="path.separator" value=";"/>
    <property name="os.version" value="10.0"/>
    <property name="java.endorsed.dirs" value="D:\software\program\Java\JDK\jdk1.8.0_131\jre\lib\endorsed"/>
    <property name="java.runtime.name" value="Java(TM) SE Runtime Environment"/>
    <property name="file.encoding" value="GBK"/>
    <property name="java.vm.name" value="Java HotSpot(TM) 64-Bit Server VM"/>
    <property name="localRepository" value="D:\zhouyue\data\Maven\repo"/>
    <property name="java.vendor.url.bug" value="http://bugreport.sun.com/bugreport/"/>
    <property name="java.io.tmpdir" value="C:\Users\yue_zhou\AppData\Local\Temp\"/>
    <property name="idea.version" value="2018.1"/>
    <property name="java.version" value="1.8.0_131"/>
    <property name="user.dir" value="D:\zhouyue\Data\Workspace\own\doc\SeriesBasicCapability\projects\ObjectSize"/>
    <property name="os.arch" value="amd64"/>
    <property name="java.vm.specification.name" value="Java Virtual Machine Specification"/>
    <property name="java.awt.printerjob" value="sun.awt.windows.WPrinterJob"/>
    <property name="sun.os.patch.level" value=""/>
    <property name="java.library.path" value="D:\software\program\Java\JDK\jdk1.8.0_131\jre\bin;C:\WINDOWS\Sun\Java\bin;C:\WINDOWS\system32;C:\WINDOWS;C:\ProgramData\Oracle\Java\javapath;C:\WINDOWS\system32;C:\WINDOWS;C:\WINDOWS\System32\Wbem;C:\WINDOWS\System32\WindowsPowerShell\v1.0\;C:\WINDOWS\System32\OpenSSH\;C:\Program Files (x86)\Intel\Intel(R) Management Engine Components\DAL;C:\Program Files\Intel\Intel(R) Management Engine Components\DAL;D:\software\program\Git\cmd;D:\software\program\Maven\apache-maven-3.2.5\bin;D:\software\program\Scala\scala-2.11.11\bin;D:\software\program\Scala\scala-2.11.11\jre\bin;D:\software\program\Java\JDK\jdk1.8.0_131\bin;D:\software\program\Java\JDK\jdk1.8.0_131\jre\bin;D:\software\program\MySQL\mysql-8.0.19-winx64\bin;D:\software\program\Nodejs\;D:\software\program\Continuum\anaconda3;D:\software\program\Continuum\anaconda3\Library\mingw-w64\bin;D:\software\program\Continuum\anaconda3\Library\usr\bin;D:\software\program\Continuum\anaconda3\Library\bin;D:\software\program\Continuum\anaconda3\Scripts;C:\Users\yue_zhou\AppData\Local\Microsoft\WindowsApps;c:\program files\esafenet\cobra docguard client;D:\software\program\JetBrains\PyCharmCommunityEdition2019.2.5\bin;;D:\software\program\JetBrains\IntelliJIDEA2019.2.4\bin;;D:\software\program\Wind\WindNET\bin\;C:\Users\yue_zhou\AppData\Roaming\npm;;D:\software\program\Microsoft\VisualStudioCode\bin;."/>
    <property name="java.vm.info" value="mixed mode"/>
    <property name="java.vendor" value="Oracle Corporation"/>
    <property name="java.vm.version" value="25.131-b11"/>
    <property name="java.ext.dirs" value="D:\software\program\Java\JDK\jdk1.8.0_131\jre\lib\ext;C:\WINDOWS\Sun\Java\lib\ext"/>
    <property name="sun.io.unicode.encoding" value="UnicodeLittle"/>
    <property name="java.class.version" value="52.0"/>
  </properties>
  <testcase name="shouldAnswerWithTrue" classname="com.xiumei.AppTest" time="0.001"/>
</testsuite>